<?xml version="1.0" encoding="UTF-8"?>
<!-- Generated by org.testng.reporters.JUnitReportReporter -->
<testsuite hostname="LAPTOP-UML91COD" failures="0" tests="2" name="testng.multibroswing2" time="5.105" errors="0" timestamp="2023-09-19T14:15:42 IST" skipped="0">
  <testcase classname="testng.multibroswing2" name="m1" time="5.079"/>
  <system-out/>
  <testcase classname="testng.multibroswing2" name="m1" time="0.026"/>
  <system-out/>
</testsuite> <!-- testng.multibroswing2 -->
