<?xml version="1.0" encoding="UTF-8"?>
<!-- Generated by org.testng.reporters.JUnitReportReporter -->
<testsuite hostname="LAPTOP-UML91COD" failures="0" tests="1" name="testng.timesout" time="0.016" errors="0" timestamp="2023-09-05T16:09:56 IST" skipped="0">
  <testcase classname="testng.timesout" name="login" time="0.016"/>
  <system-out>
    <![CDATA[i am log]]>
  </system-out>
</testsuite> <!-- testng.timesout -->
