<?xml version="1.0" encoding="UTF-8"?>
<!-- Generated by org.testng.reporters.JUnitReportReporter -->
<testsuite hostname="LAPTOP-UML91COD" failures="0" tests="3" name="batchexecution.simple1" time="0.013" errors="0" timestamp="2023-09-05T16:27:21 IST" skipped="0">
  <testcase classname="batchexecution.simple1" name="tc1" time="0.011"/>
  <system-out>
    <![CDATA[execut tc1]]>
  </system-out>
  <testcase classname="batchexecution.simple1" name="tc2" time="0.001"/>
  <system-out>
    <![CDATA[execut tc2]]>
  </system-out>
  <testcase classname="batchexecution.simple1" name="tc3" time="0.001"/>
  <system-out>
    <![CDATA[execut tc3]]>
  </system-out>
</testsuite> <!-- batchexecution.simple1 -->
