<?xml version="1.0" encoding="UTF-8"?>
<!-- Generated by org.testng.reporters.JUnitReportReporter -->
<testsuite hostname="LAPTOP-UML91COD" failures="0" tests="3" name="batchexecution.simple2$simple1" time="0.003" errors="0" timestamp="2023-09-05T16:27:21 IST" skipped="0">
  <testcase classname="batchexecution.simple2$simple1" name="test1" time="0.001"/>
  <system-out>
    <![CDATA[execut test1]]>
  </system-out>
  <testcase classname="batchexecution.simple2$simple1" name="test3" time="0.001"/>
  <system-out>
    <![CDATA[execut test3]]>
  </system-out>
  <testcase classname="batchexecution.simple2$simple1" name="test2" time="0.001"/>
  <system-out>
    <![CDATA[execut test2]]>
  </system-out>
</testsuite> <!-- batchexecution.simple2$simple1 -->
