<?xml version="1.0" encoding="UTF-8"?>
<!-- Generated by org.testng.reporters.JUnitReportReporter -->
<testsuite hostname="LAPTOP-UML91COD" failures="0" tests="2" name="testng.day1" time="0.003" errors="0" timestamp="2023-09-05T15:52:06 IST" skipped="0">
  <testcase classname="testng.day1" name="yash" time="0.001"/>
  <system-out/>
  <testcase classname="testng.day1" name="homeemi" time="0.002"/>
  <system-out/>
</testsuite> <!-- testng.day1 -->
