<?xml version="1.0" encoding="UTF-8"?>
<!-- Generated by org.testng.reporters.JUnitReportReporter -->
<testsuite hostname="LAPTOP-UML91COD" failures="0" tests="1" name="testng.annotations_flow" time="0.007" errors="0" timestamp="2023-09-05T16:31:03 IST" skipped="0">
  <testcase classname="testng.annotations_flow" name="t1" time="0.007"/>
  <system-out>
    <![CDATA[== i am main tast case]]>
  </system-out>
</testsuite> <!-- testng.annotations_flow -->
