<?xml version="1.0" encoding="UTF-8"?>
<!-- Generated by org.testng.reporters.JUnitReportReporter -->
<testsuite hostname="LAPTOP-UML91COD" failures="0" tests="2" name="testng.demo1" time="0.002" errors="0" timestamp="2023-09-05T15:52:06 IST" skipped="0">
  <testcase classname="testng.demo1" name="show2" time="0.001"/>
  <system-out/>
  <testcase classname="testng.demo1" name="show" time="0.001"/>
  <system-out/>
</testsuite> <!-- testng.demo1 -->
