<?xml version="1.0" encoding="UTF-8"?>
<!-- Generated by org.testng.reporters.JUnitReportReporter -->
<testsuite hostname="LAPTOP-UML91COD" failures="0" tests="3" name="testng.Priority" time="0.006" errors="0" timestamp="2023-09-05T15:52:06 IST" skipped="0">
  <testcase classname="testng.Priority" name="demo3" time="0.002"/>
  <system-out>
    <![CDATA[rama]]>
  </system-out>
  <testcase classname="testng.Priority" name="demo1" time="0.002"/>
  <system-out>
    <![CDATA[ram]]>
  </system-out>
  <testcase classname="testng.Priority" name="demo" time="0.002"/>
  <system-out>
    <![CDATA[hello]]>
  </system-out>
</testsuite> <!-- testng.Priority -->
