<?xml version="1.0" encoding="UTF-8"?>
<!-- Generated by org.testng.reporters.JUnitReportReporter -->
<testsuite hostname="LAPTOP-UML91COD" failures="0" tests="3" name="batchexecution.simple3$simple1" time="0.009" errors="0" timestamp="2023-09-05T16:27:21 IST" skipped="0">
  <testcase classname="batchexecution.simple3$simple1" name="testcase1" time="0.001"/>
  <system-out>
    <![CDATA[execut testcase1]]>
  </system-out>
  <testcase classname="batchexecution.simple3$simple1" name="testcase3" time="0.007"/>
  <system-out>
    <![CDATA[execut testcase3]]>
  </system-out>
  <testcase classname="batchexecution.simple3$simple1" name="testcase2" time="0.001"/>
  <system-out>
    <![CDATA[execut testcase2]]>
  </system-out>
</testsuite> <!-- batchexecution.simple3$simple1 -->
