<?xml version="1.0" encoding="UTF-8"?>
<!-- Generated by org.testng.reporters.JUnitReportReporter -->
<testsuite hostname="LAPTOP-UML91COD" failures="0" tests="5" name="testng.invocation" time="0.015" errors="0" timestamp="2023-09-05T16:27:54 IST" skipped="0">
  <testcase classname="testng.invocation" name="show" time="0.000"/>
  <system-out>
    <![CDATA[hello]]>
  </system-out>
  <testcase classname="testng.invocation" name="show" time="0.013"/>
  <system-out>
    <![CDATA[hello]]>
  </system-out>
  <testcase classname="testng.invocation" name="show" time="0.001"/>
  <system-out>
    <![CDATA[hello]]>
  </system-out>
  <testcase classname="testng.invocation" name="show" time="0.001"/>
  <system-out>
    <![CDATA[hello]]>
  </system-out>
  <testcase classname="testng.invocation" name="show" time="0.000"/>
  <system-out>
    <![CDATA[hello]]>
  </system-out>
</testsuite> <!-- testng.invocation -->
