<?xml version="1.0" encoding="UTF-8"?>
<!-- Generated by org.testng.reporters.JUnitReportReporter -->
<testsuite hostname="LAPTOP-UML91COD" failures="0" tests="1" name="testng.dependsonmethods" time="0.001" errors="0" timestamp="2023-09-05T15:52:06 IST" skipped="0">
  <testcase classname="testng.dependsonmethods" name="login" time="0.001"/>
  <system-out>
    <![CDATA[null]]>
  </system-out>
</testsuite> <!-- testng.dependsonmethods -->
