<?xml version="1.0" encoding="UTF-8"?>
<!-- Generated by org.testng.reporters.JUnitReportReporter -->
<testsuite hostname="LAPTOP-UML91COD" failures="0" tests="1" name="testng.parallel_execution" time="30.767" errors="0" timestamp="2023-09-19T11:45:39 IST" skipped="0">
  <testcase classname="testng.parallel_execution" name="m1" time="30.767"/>
  <system-out/>
</testsuite> <!-- testng.parallel_execution -->
